<?xml version="1.0" encoding="UTF-8"?>
<!-- Generated by org.testng.reporters.JUnitReportReporter -->
<testsuite hostname="unknown-20-c9-d0-7c-e3-1f.home" name="tests.ExampleTests" tests="2" failures="0" timestamp="18 Jan 2013 22:23:39 GMT" time="28.821" errors="0">
  <testcase name="OpenApplicationAndCheckAlertAppears" time="12.102" classname="tests.ExampleTests"/>
  <testcase name="OpenApplicationAndCheckAlertDisappears" time="16.719" classname="tests.ExampleTests"/>
</testsuite> <!-- tests.ExampleTests -->
