<?xml version="1.0" encoding="UTF-8"?>
<!-- Generated by org.testng.reporters.JUnitReportReporter -->
<testsuite hostname="unknown-20-c9-d0-7c-e3-1f.home" name="tests.ControlTests" tests="1" failures="0" timestamp="10 Feb 2013 18:10:27 GMT" time="9.756" errors="0">
  <testcase name="CheckFindLinkByIdAndClick" time="9.756" classname="tests.ControlTests"/>
</testsuite> <!-- tests.ControlTests -->
