<?xml version="1.0" encoding="UTF-8"?>
<!-- Generated by org.testng.reporters.JUnitReportReporter -->
<testsuite hostname="unknown-20-c9-d0-7c-e3-1f.home" name="tests.ExampleTests" tests="1" failures="0" timestamp="15 Jan 2013 22:54:22 GMT" time="2.111" errors="0">
  <testcase name="OpenApplicationAndCheckAlertAppears" time="2.111" classname="tests.ExampleTests"/>
</testsuite> <!-- tests.ExampleTests -->
